<?xml version="1.0" encoding="UTF-8"?>
<!-- Generated by org.testng.reporters.JUnitReportReporter -->
<testsuite skipped="0" hostname="DESKTOP-HSLMIQI" name="loginTestCase.BothCorrect" tests="1" failures="0" timestamp="01 Apr 2020 17:34:26 GMT" time="17.231" errors="0">
  <testcase name="loginWithBothCorrect" time="17.231" classname="loginTestCase.BothCorrect"/>
</testsuite> <!-- loginTestCase.BothCorrect -->
