<?xml version="1.0" encoding="UTF-8"?>
<!-- Generated by org.testng.reporters.JUnitReportReporter -->
<testsuite skipped="0" hostname="DESKTOP-HSLMIQI" name="loginTestCase.BothInCorrect" tests="1" failures="0" timestamp="01 Apr 2020 17:34:26 GMT" time="13.561" errors="0">
  <testcase name="loginWithBothInCorrect" time="13.561" classname="loginTestCase.BothInCorrect"/>
</testsuite> <!-- loginTestCase.BothInCorrect -->
