<?xml version="1.0" encoding="UTF-8"?>
<!-- Generated by org.testng.reporters.JUnitReportReporter -->
<testsuite skipped="0" hostname="DESKTOP-HSLMIQI" name="loginTestCase.Login" tests="4" failures="0" timestamp="24 Apr 2020 17:07:44 GMT" time="81.788" errors="0">
  <testcase name="loginWithBothCorrect" time="25.662" classname="loginTestCase.Login"/>
  <testcase name="loginWithBothCorrect" time="15.203" classname="loginTestCase.Login"/>
  <testcase name="loginWithBothCorrect" time="19.682" classname="loginTestCase.Login"/>
  <testcase name="loginWithBothCorrect" time="21.241" classname="loginTestCase.Login"/>
</testsuite> <!-- loginTestCase.Login -->
