<?xml version="1.0" encoding="UTF-8"?>
<!-- Generated by org.testng.reporters.JUnitReportReporter -->
<testsuite skipped="0" hostname="DESKTOP-HSLMIQI" name="loginTestCase.CorrectPassword" tests="1" failures="0" timestamp="01 Apr 2020 17:34:26 GMT" time="13.845" errors="0">
  <testcase name="loginWithCorrectPassword" time="13.845" classname="loginTestCase.CorrectPassword"/>
</testsuite> <!-- loginTestCase.CorrectPassword -->
